<?xml version="1.0" encoding="UTF-8"?>
<!-- Generated by org.testng.reporters.JUnitReportReporter -->
<testsuite hostname="vamshi" failures="0" tests="1" name="org.vtiger.products.ProductsTest" time="40.541" errors="0" timestamp="2023-03-16T10:18:54 IST" skipped="0">
  <testcase classname="org.vtiger.products.ProductsTest" name="CreateProductTest" time="40.541"/>
  <system-out/>
</testsuite> <!-- org.vtiger.products.ProductsTest -->
