<?xml version="1.0" encoding="UTF-8"?>
<!-- Generated by org.testng.reporters.JUnitReportReporter -->
<testsuite hostname="DESKTOP-MOTNN2M" failures="0" tests="3" name="org.vtiger.practice.DataProvider" time="0.016" errors="0" timestamp="2022-07-25T15:21:59 IST" skipped="0">
  <testcase classname="org.vtiger.practice.DataProvider" name="dataProviderTest" time="0.012"/>
  <system-out/>
  <testcase classname="org.vtiger.practice.DataProvider" name="dataProviderTest" time="0.002"/>
  <system-out/>
  <testcase classname="org.vtiger.practice.DataProvider" name="dataProviderTest" time="0.002"/>
  <system-out/>
</testsuite> <!-- org.vtiger.practice.DataProvider -->
