<?xml version="1.0" encoding="UTF-8"?>
<!-- Generated by org.testng.reporters.JUnitReportReporter -->
<testsuite hostname="vamshi" failures="0" tests="1" name="org.vtiger.campaigns.CampaignsTest" time="16.564" errors="0" timestamp="2023-03-16T10:20:18 IST" skipped="0">
  <testcase classname="org.vtiger.campaigns.CampaignsTest" name="CreateCampaignTest" time="16.564"/>
  <system-out/>
</testsuite> <!-- org.vtiger.campaigns.CampaignsTest -->
