<?xml version="1.0" encoding="UTF-8"?>
<!-- Generated by org.testng.reporters.JUnitReportReporter -->
<testsuite hostname="DESKTOP-MOTNN2M" failures="0" tests="3" name="org.vtiger.practice.DataProviderTest" time="0.008" errors="0" timestamp="2022-07-26T17:59:39 IST" skipped="0">
  <testcase classname="org.vtiger.practice.DataProviderTest" name="dataProviderTest" time="0.006"/>
  <system-out/>
  <testcase classname="org.vtiger.practice.DataProviderTest" name="dataProviderTest" time="0.001"/>
  <system-out/>
  <testcase classname="org.vtiger.practice.DataProviderTest" name="dataProviderTest" time="0.001"/>
  <system-out/>
</testsuite> <!-- org.vtiger.practice.DataProviderTest -->
