<?xml version="1.0" encoding="UTF-8"?>
<!-- Generated by org.testng.reporters.JUnitReportReporter -->
<testsuite hostname="vamshi" failures="0" tests="1" name="org.vtiger.contacts.ContactsTest" time="19.296" errors="0" timestamp="2023-03-16T10:18:54 IST" skipped="0">
  <testcase classname="org.vtiger.contacts.ContactsTest" name="CreateContactTest" time="19.296"/>
  <system-out/>
</testsuite> <!-- org.vtiger.contacts.ContactsTest -->
